# JRE version: Java(TM) SE Runtime Environment (8.0_45-b15) (build 1.8.0_45-b15)
# Java VM: Java HotSpot(TM) 64-Bit Server VM (25.45-b02 mixed mode windows-amd64 compressed oops)
Heap:
 PSYoungGen      total 227840K, used 22630K [0x00000000eab00000, 0x0000000100000000, 0x0000000100000000)
  eden space 116736K, 19% used [0x00000000eab00000,0x00000000ec1199c8,0x00000000f1d00000)
  from space 111104K, 0% used [0x00000000f1d00000,0x00000000f1d00000,0x00000000f8980000)
  to   space 109056K, 0% used [0x00000000f9580000,0x00000000f9580000,0x0000000100000000)
 ParOldGen       total 288256K, used 166390K [0x00000000c0000000, 0x00000000d1980000, 0x00000000eab00000)
  object space 288256K, 57% used [0x00000000c0000000,0x00000000ca27da68,0x00000000d1980000)
 Metaspace       used 6159K, capacity 7152K, committed 7296K, reserved 1056768K
  class space    used 585K, capacity 616K, committed 640K, reserved 1048576K
GC Heap History (10 events):
Event: 40.971 GC heap before
{Heap before GC invocations=18 (full 4):
 PSYoungGen      total 220672K, used 95792K [0x00000000eab00000, 0x0000000100000000, 0x0000000100000000)
  eden space 113664K, 0% used [0x00000000eab00000,0x00000000eab00000,0x00000000f1a00000)
  from space 107008K, 89% used [0x00000000f8b80000,0x00000000fe90c118,0x00000000ff400000)
  to   space 116224K, 0% used [0x00000000f1a00000,0x00000000f1a00000,0x00000000f8b80000)
 ParOldGen       total 236544K, used 195698K [0x00000000c0000000, 0x00000000ce700000, 0x00000000eab00000)
  object space 236544K, 82% used [0x00000000c0000000,0x00000000cbf1ca10,0x00000000ce700000)
 Metaspace       used 6153K, capacity 7152K, committed 7296K, reserved 1056768K
  class space    used 585K, capacity 616K, committed 640K, reserved 1048576K
Event: 42.753 GC heap after
Heap after GC invocations=18 (full 4):
 PSYoungGen      total 220672K, used 0K [0x00000000eab00000, 0x0000000100000000, 0x0000000100000000)
  eden space 113664K, 0% used [0x00000000eab00000,0x00000000eab00000,0x00000000f1a00000)
  from space 107008K, 0% used [0x00000000f8b80000,0x00000000f8b80000,0x00000000ff400000)
  to   space 116224K, 0% used [0x00000000f1a00000,0x00000000f1a00000,0x00000000f8b80000)
 ParOldGen       total 288256K, used 164701K [0x00000000c0000000, 0x00000000d1980000, 0x00000000eab00000)
  object space 288256K, 57% used [0x00000000c0000000,0x00000000ca0d7700,0x00000000d1980000)
 Metaspace       used 6153K, capacity 7152K, committed 7296K, reserved 1056768K
  class space    used 585K, capacity 616K, committed 640K, reserved 1048576K
}
Event: 43.106 GC heap before
{Heap before GC invocations=19 (full 4):
 PSYoungGen      total 220672K, used 113664K [0x00000000eab00000, 0x0000000100000000, 0x0000000100000000)
  eden space 113664K, 100% used [0x00000000eab00000,0x00000000f1a00000,0x00000000f1a00000)
  from space 107008K, 0% used [0x00000000f8b80000,0x00000000f8b80000,0x00000000ff400000)
  to   space 116224K, 0% used [0x00000000f1a00000,0x00000000f1a00000,0x00000000f8b80000)
 ParOldGen       total 288256K, used 164701K [0x00000000c0000000, 0x00000000d1980000, 0x00000000eab00000)
  object space 288256K, 57% used [0x00000000c0000000,0x00000000ca0d7700,0x00000000d1980000)
 Metaspace       used 6153K, capacity 7152K, committed 7296K, reserved 1056768K
  class space    used 585K, capacity 616K, committed 640K, reserved 1048576K
Event: 43.274 GC heap after
Heap after GC invocations=19 (full 4):
 PSYoungGen      total 229888K, used 60341K [0x00000000eab00000, 0x0000000100000000, 0x0000000100000000)
  eden space 113664K, 0% used [0x00000000eab00000,0x00000000eab00000,0x00000000f1a00000)
  from space 116224K, 51% used [0x00000000f1a00000,0x00000000f54ed6d8,0x00000000f8b80000)
  to   space 116224K, 0% used [0x00000000f8e80000,0x00000000f8e80000,0x0000000100000000)
 ParOldGen       total 288256K, used 164701K [0x00000000c0000000, 0x00000000d1980000, 0x00000000eab00000)
  object space 288256K, 57% used [0x00000000c0000000,0x00000000ca0d7700,0x00000000d1980000)
 Metaspace       used 6153K, capacity 7152K, committed 7296K, reserved 1056768K
  class space    used 585K, capacity 616K, committed 640K, reserved 1048576K
}
Event: 45.199 GC heap before
{Heap before GC invocations=20 (full 4):
 PSYoungGen      total 229888K, used 174005K [0x00000000eab00000, 0x0000000100000000, 0x0000000100000000)
  eden space 113664K, 100% used [0x00000000eab00000,0x00000000f1a00000,0x00000000f1a00000)
  from space 116224K, 51% used [0x00000000f1a00000,0x00000000f54ed6d8,0x00000000f8b80000)
  to   space 116224K, 0% used [0x00000000f8e80000,0x00000000f8e80000,0x0000000100000000)
 ParOldGen       total 288256K, used 164701K [0x00000000c0000000, 0x00000000d1980000, 0x00000000eab00000)
  object space 288256K, 57% used [0x00000000c0000000,0x00000000ca0d7700,0x00000000d1980000)
 Metaspace       used 6153K, capacity 7152K, committed 7296K, reserved 1056768K
  class space    used 585K, capacity 616K, committed 640K, reserved 1048576K
Event: 46.320 GC heap after
Heap after GC invocations=20 (full 4):
 PSYoungGen      total 222720K, used 46174K [0x00000000eab00000, 0x00000000ff600000, 0x0000000100000000)
  eden space 116736K, 0% used [0x00000000eab00000,0x00000000eab00000,0x00000000f1d00000)
  from space 105984K, 43% used [0x00000000f8e80000,0x00000000fbb97b28,0x00000000ff600000)
  to   space 111104K, 0% used [0x00000000f1d00000,0x00000000f1d00000,0x00000000f8980000)
 ParOldGen       total 288256K, used 224631K [0x00000000c0000000, 0x00000000d1980000, 0x00000000eab00000)
  object space 288256K, 77% used [0x00000000c0000000,0x00000000cdb5ddd8,0x00000000d1980000)
 Metaspace       used 6153K, capacity 7152K, committed 7296K, reserved 1056768K
  class space    used 585K, capacity 616K, committed 640K, reserved 1048576K
}
Event: 50.552 GC heap before
{Heap before GC invocations=21 (full 4):
 PSYoungGen      total 222720K, used 162910K [0x00000000eab00000, 0x00000000ff600000, 0x0000000100000000)
  eden space 116736K, 100% used [0x00000000eab00000,0x00000000f1d00000,0x00000000f1d00000)
  from space 105984K, 43% used [0x00000000f8e80000,0x00000000fbb97b28,0x00000000ff600000)
  to   space 111104K, 0% used [0x00000000f1d00000,0x00000000f1d00000,0x00000000f8980000)
 ParOldGen       total 288256K, used 224631K [0x00000000c0000000, 0x00000000d1980000, 0x00000000eab00000)
  object space 288256K, 77% used [0x00000000c0000000,0x00000000cdb5ddd8,0x00000000d1980000)
 Metaspace       used 6153K, capacity 7152K, committed 7296K, reserved 1056768K
  class space    used 585K, capacity 616K, committed 640K, reserved 1048576K
Event: 51.405 GC heap after
Heap after GC invocations=21 (full 4):
 PSYoungGen      total 227840K, used 27003K [0x00000000eab00000, 0x0000000100000000, 0x0000000100000000)
  eden space 116736K, 0% used [0x00000000eab00000,0x00000000eab00000,0x00000000f1d00000)
  from space 111104K, 24% used [0x00000000f1d00000,0x00000000f375ef28,0x00000000f8980000)
  to   space 109056K, 0% used [0x00000000f9580000,0x00000000f9580000,0x0000000100000000)
 ParOldGen       total 288256K, used 269564K [0x00000000c0000000, 0x00000000d1980000, 0x00000000eab00000)
  object space 288256K, 93% used [0x00000000c0000000,0x00000000d073f258,0x00000000d1980000)
 Metaspace       used 6153K, capacity 7152K, committed 7296K, reserved 1056768K
  class space    used 585K, capacity 616K, committed 640K, reserved 1048576K
}
Event: 51.405 GC heap before
{Heap before GC invocations=22 (full 5):
 PSYoungGen      total 227840K, used 27003K [0x00000000eab00000, 0x0000000100000000, 0x0000000100000000)
  eden space 116736K, 0% used [0x00000000eab00000,0x00000000eab00000,0x00000000f1d00000)
  from space 111104K, 24% used [0x00000000f1d00000,0x00000000f375ef28,0x00000000f8980000)
  to   space 109056K, 0% used [0x00000000f9580000,0x00000000f9580000,0x0000000100000000)
 ParOldGen       total 288256K, used 269564K [0x00000000c0000000, 0x00000000d1980000, 0x00000000eab00000)
  object space 288256K, 93% used [0x00000000c0000000,0x00000000d073f258,0x00000000d1980000)
 Metaspace       used 6153K, capacity 7152K, committed 7296K, reserved 1056768K
  class space    used 585K, capacity 616K, committed 640K, reserved 1048576K
Event: 54.335 GC heap after
Heap after GC invocations=22 (full 5):
 PSYoungGen      total 227840K, used 0K [0x00000000eab00000, 0x0000000100000000, 0x0000000100000000)
  eden space 116736K, 0% used [0x00000000eab00000,0x00000000eab00000,0x00000000f1d00000)
  from space 111104K, 0% used [0x00000000f1d00000,0x00000000f1d00000,0x00000000f8980000)
  to   space 109056K, 0% used [0x00000000f9580000,0x00000000f9580000,0x0000000100000000)
 ParOldGen       total 288256K, used 166390K [0x00000000c0000000, 0x00000000d1980000, 0x00000000eab00000)
  object space 288256K, 57% used [0x00000000c0000000,0x00000000ca27da68,0x00000000d1980000)
 Metaspace       used 6153K, capacity 7152K, committed 7296K, reserved 1056768K
  class space    used 585K, capacity 616K, committed 640K, reserved 1048576K
}

