# JRE version: Java(TM) SE Runtime Environment (8.0_45-b15) (build 1.8.0_45-b15)
# Java VM: Java HotSpot(TM) 64-Bit Server VM (25.45-b02 mixed mode windows-amd64 compressed oops)
Heap:
 PSYoungGen      total 232960K, used 66275K [0x00000000eab00000, 0x0000000100000000, 0x0000000100000000)
  eden space 116736K, 38% used [0x00000000eab00000,0x00000000ed758c28,0x00000000f1d00000)
  from space 116224K, 17% used [0x00000000f8e80000,0x00000000fa2e0030,0x0000000100000000)
  to   space 116224K, 0% used [0x00000000f1d00000,0x00000000f1d00000,0x00000000f8e80000)
 ParOldGen       total 428544K, used 288267K [0x00000000c0000000, 0x00000000da280000, 0x00000000eab00000)
  object space 428544K, 67% used [0x00000000c0000000,0x00000000d1982f30,0x00000000da280000)
 Metaspace       used 6391K, capacity 7224K, committed 7296K, reserved 1056768K
  class space    used 606K, capacity 624K, committed 640K, reserved 1048576K
GC Heap History (10 events):
Event: 47.099 GC heap before
{Heap before GC invocations=29 (full 7):
 PSYoungGen      total 232960K, used 116736K [0x00000000eab00000, 0x0000000100000000, 0x0000000100000000)
  eden space 116736K, 100% used [0x00000000eab00000,0x00000000f1d00000,0x00000000f1d00000)
  from space 116224K, 0% used [0x00000000f1d00000,0x00000000f1d00000,0x00000000f8e80000)
  to   space 116224K, 0% used [0x00000000f8e80000,0x00000000f8e80000,0x0000000100000000)
 ParOldGen       total 428544K, used 207887K [0x00000000c0000000, 0x00000000da280000, 0x00000000eab00000)
  object space 428544K, 48% used [0x00000000c0000000,0x00000000ccb03ff0,0x00000000da280000)
 Metaspace       used 6352K, capacity 7160K, committed 7296K, reserved 1056768K
  class space    used 606K, capacity 624K, committed 640K, reserved 1048576K
Event: 47.239 GC heap after
Heap after GC invocations=29 (full 7):
 PSYoungGen      total 232960K, used 26804K [0x00000000eab00000, 0x0000000100000000, 0x0000000100000000)
  eden space 116736K, 0% used [0x00000000eab00000,0x00000000eab00000,0x00000000f1d00000)
  from space 116224K, 23% used [0x00000000f8e80000,0x00000000fa8ad350,0x0000000100000000)
  to   space 116224K, 0% used [0x00000000f1d00000,0x00000000f1d00000,0x00000000f8e80000)
 ParOldGen       total 428544K, used 207895K [0x00000000c0000000, 0x00000000da280000, 0x00000000eab00000)
  object space 428544K, 48% used [0x00000000c0000000,0x00000000ccb05ff0,0x00000000da280000)
 Metaspace       used 6352K, capacity 7160K, committed 7296K, reserved 1056768K
  class space    used 606K, capacity 624K, committed 640K, reserved 1048576K
}
Event: 47.995 GC heap before
{Heap before GC invocations=30 (full 7):
 PSYoungGen      total 232960K, used 143540K [0x00000000eab00000, 0x0000000100000000, 0x0000000100000000)
  eden space 116736K, 100% used [0x00000000eab00000,0x00000000f1d00000,0x00000000f1d00000)
  from space 116224K, 23% used [0x00000000f8e80000,0x00000000fa8ad350,0x0000000100000000)
  to   space 116224K, 0% used [0x00000000f1d00000,0x00000000f1d00000,0x00000000f8e80000)
 ParOldGen       total 428544K, used 207895K [0x00000000c0000000, 0x00000000da280000, 0x00000000eab00000)
  object space 428544K, 48% used [0x00000000c0000000,0x00000000ccb05ff0,0x00000000da280000)
 Metaspace       used 6376K, capacity 7224K, committed 7296K, reserved 1056768K
  class space    used 606K, capacity 624K, committed 640K, reserved 1048576K
Event: 48.085 GC heap after
Heap after GC invocations=30 (full 7):
 PSYoungGen      total 232960K, used 18528K [0x00000000eab00000, 0x0000000100000000, 0x0000000100000000)
  eden space 116736K, 0% used [0x00000000eab00000,0x00000000eab00000,0x00000000f1d00000)
  from space 116224K, 15% used [0x00000000f1d00000,0x00000000f2f18000,0x00000000f8e80000)
  to   space 116224K, 0% used [0x00000000f8e80000,0x00000000f8e80000,0x0000000100000000)
 ParOldGen       total 428544K, used 233834K [0x00000000c0000000, 0x00000000da280000, 0x00000000eab00000)
  object space 428544K, 54% used [0x00000000c0000000,0x00000000ce45aa10,0x00000000da280000)
 Metaspace       used 6376K, capacity 7224K, committed 7296K, reserved 1056768K
  class space    used 606K, capacity 624K, committed 640K, reserved 1048576K
}
Event: 48.683 GC heap before
{Heap before GC invocations=31 (full 7):
 PSYoungGen      total 232960K, used 135264K [0x00000000eab00000, 0x0000000100000000, 0x0000000100000000)
  eden space 116736K, 100% used [0x00000000eab00000,0x00000000f1d00000,0x00000000f1d00000)
  from space 116224K, 15% used [0x00000000f1d00000,0x00000000f2f18000,0x00000000f8e80000)
  to   space 116224K, 0% used [0x00000000f8e80000,0x00000000f8e80000,0x0000000100000000)
 ParOldGen       total 428544K, used 233834K [0x00000000c0000000, 0x00000000da280000, 0x00000000eab00000)
  object space 428544K, 54% used [0x00000000c0000000,0x00000000ce45aa10,0x00000000da280000)
 Metaspace       used 6382K, capacity 7224K, committed 7296K, reserved 1056768K
  class space    used 606K, capacity 624K, committed 640K, reserved 1048576K
Event: 48.735 GC heap after
Heap after GC invocations=31 (full 7):
 PSYoungGen      total 232960K, used 19488K [0x00000000eab00000, 0x0000000100000000, 0x0000000100000000)
  eden space 116736K, 0% used [0x00000000eab00000,0x00000000eab00000,0x00000000f1d00000)
  from space 116224K, 16% used [0x00000000f8e80000,0x00000000fa188000,0x0000000100000000)
  to   space 116224K, 0% used [0x00000000f1d00000,0x00000000f1d00000,0x00000000f8e80000)
 ParOldGen       total 428544K, used 250842K [0x00000000c0000000, 0x00000000da280000, 0x00000000eab00000)
  object space 428544K, 58% used [0x00000000c0000000,0x00000000cf4f6b00,0x00000000da280000)
 Metaspace       used 6382K, capacity 7224K, committed 7296K, reserved 1056768K
  class space    used 606K, capacity 624K, committed 640K, reserved 1048576K
}
Event: 49.501 GC heap before
{Heap before GC invocations=32 (full 7):
 PSYoungGen      total 232960K, used 136224K [0x00000000eab00000, 0x0000000100000000, 0x0000000100000000)
  eden space 116736K, 100% used [0x00000000eab00000,0x00000000f1d00000,0x00000000f1d00000)
  from space 116224K, 16% used [0x00000000f8e80000,0x00000000fa188000,0x0000000100000000)
  to   space 116224K, 0% used [0x00000000f1d00000,0x00000000f1d00000,0x00000000f8e80000)
 ParOldGen       total 428544K, used 250842K [0x00000000c0000000, 0x00000000da280000, 0x00000000eab00000)
  object space 428544K, 58% used [0x00000000c0000000,0x00000000cf4f6b00,0x00000000da280000)
 Metaspace       used 6388K, capacity 7224K, committed 7296K, reserved 1056768K
  class space    used 606K, capacity 624K, committed 640K, reserved 1048576K
Event: 49.650 GC heap after
Heap after GC invocations=32 (full 7):
 PSYoungGen      total 232960K, used 19488K [0x00000000eab00000, 0x0000000100000000, 0x0000000100000000)
  eden space 116736K, 0% used [0x00000000eab00000,0x00000000eab00000,0x00000000f1d00000)
  from space 116224K, 16% used [0x00000000f1d00000,0x00000000f3008000,0x00000000f8e80000)
  to   space 116224K, 0% used [0x00000000f8e80000,0x00000000f8e80000,0x0000000100000000)
 ParOldGen       total 428544K, used 269501K [0x00000000c0000000, 0x00000000da280000, 0x00000000eab00000)
  object space 428544K, 62% used [0x00000000c0000000,0x00000000d072f738,0x00000000da280000)
 Metaspace       used 6388K, capacity 7224K, committed 7296K, reserved 1056768K
  class space    used 606K, capacity 624K, committed 640K, reserved 1048576K
}
Event: 50.443 GC heap before
{Heap before GC invocations=33 (full 7):
 PSYoungGen      total 232960K, used 136224K [0x00000000eab00000, 0x0000000100000000, 0x0000000100000000)
  eden space 116736K, 100% used [0x00000000eab00000,0x00000000f1d00000,0x00000000f1d00000)
  from space 116224K, 16% used [0x00000000f1d00000,0x00000000f3008000,0x00000000f8e80000)
  to   space 116224K, 0% used [0x00000000f8e80000,0x00000000f8e80000,0x0000000100000000)
 ParOldGen       total 428544K, used 269501K [0x00000000c0000000, 0x00000000da280000, 0x00000000eab00000)
  object space 428544K, 62% used [0x00000000c0000000,0x00000000d072f738,0x00000000da280000)
 Metaspace       used 6391K, capacity 7224K, committed 7296K, reserved 1056768K
  class space    used 606K, capacity 624K, committed 640K, reserved 1048576K
Event: 50.518 GC heap after
Heap after GC invocations=33 (full 7):
 PSYoungGen      total 232960K, used 20864K [0x00000000eab00000, 0x0000000100000000, 0x0000000100000000)
  eden space 116736K, 0% used [0x00000000eab00000,0x00000000eab00000,0x00000000f1d00000)
  from space 116224K, 17% used [0x00000000f8e80000,0x00000000fa2e0030,0x0000000100000000)
  to   space 116224K, 0% used [0x00000000f1d00000,0x00000000f1d00000,0x00000000f8e80000)
 ParOldGen       total 428544K, used 288267K [0x00000000c0000000, 0x00000000da280000, 0x00000000eab00000)
  object space 428544K, 67% used [0x00000000c0000000,0x00000000d1982f30,0x00000000da280000)
 Metaspace       used 6391K, capacity 7224K, committed 7296K, reserved 1056768K
  class space    used 606K, capacity 624K, committed 640K, reserved 1048576K
}

