# JRE version: Java(TM) SE Runtime Environment (8.0_45-b15) (build 1.8.0_45-b15)
# Java VM: Java HotSpot(TM) 64-Bit Server VM (25.45-b02 mixed mode windows-amd64 compressed oops)
Heap:
 PSYoungGen      total 98304K, used 97054K [0x00000000eab00000, 0x00000000f1a80000, 0x0000000100000000)
  eden space 83968K, 100% used [0x00000000eab00000,0x00000000efd00000,0x00000000efd00000)
  from space 14336K, 91% used [0x00000000f0b00000,0x00000000f17c7b68,0x00000000f1900000)
  to   space 14336K, 0% used [0x00000000efd00000,0x00000000efd00000,0x00000000f0b00000)
 ParOldGen       total 59392K, used 47119K [0x00000000c0000000, 0x00000000c3a00000, 0x00000000eab00000)
  object space 59392K, 79% used [0x00000000c0000000,0x00000000c2e03d90,0x00000000c3a00000)
 Metaspace       used 8284K, capacity 8410K, committed 8576K, reserved 1056768K
  class space    used 791K, capacity 821K, committed 896K, reserved 1048576K
GC Heap History (10 events):
Event: 5.621 GC heap before
{Heap before GC invocations=9 (full 1):
 PSYoungGen      total 66048K, used 63488K [0x00000000eab00000, 0x00000000eee00000, 0x0000000100000000)
  eden space 63488K, 100% used [0x00000000eab00000,0x00000000ee900000,0x00000000ee900000)
  from space 2560K, 0% used [0x00000000ee900000,0x00000000ee900000,0x00000000eeb80000)
  to   space 2560K, 0% used [0x00000000eeb80000,0x00000000eeb80000,0x00000000eee00000)
 ParOldGen       total 59392K, used 24263K [0x00000000c0000000, 0x00000000c3a00000, 0x00000000eab00000)
  object space 59392K, 40% used [0x00000000c0000000,0x00000000c17b1f88,0x00000000c3a00000)
 Metaspace       used 8267K, capacity 8410K, committed 8576K, reserved 1056768K
  class space    used 791K, capacity 821K, committed 896K, reserved 1048576K
Event: 5.627 GC heap after
Heap after GC invocations=9 (full 1):
 PSYoungGen      total 66048K, used 2543K [0x00000000eab00000, 0x00000000eee00000, 0x0000000100000000)
  eden space 63488K, 0% used [0x00000000eab00000,0x00000000eab00000,0x00000000ee900000)
  from space 2560K, 99% used [0x00000000eeb80000,0x00000000eedfbe90,0x00000000eee00000)
  to   space 2560K, 0% used [0x00000000ee900000,0x00000000ee900000,0x00000000eeb80000)
 ParOldGen       total 59392K, used 27722K [0x00000000c0000000, 0x00000000c3a00000, 0x00000000eab00000)
  object space 59392K, 46% used [0x00000000c0000000,0x00000000c1b128b0,0x00000000c3a00000)
 Metaspace       used 8267K, capacity 8410K, committed 8576K, reserved 1056768K
  class space    used 791K, capacity 821K, committed 896K, reserved 1048576K
}
Event: 5.820 GC heap before
{Heap before GC invocations=10 (full 1):
 PSYoungGen      total 66048K, used 66031K [0x00000000eab00000, 0x00000000eee00000, 0x0000000100000000)
  eden space 63488K, 100% used [0x00000000eab00000,0x00000000ee900000,0x00000000ee900000)
  from space 2560K, 99% used [0x00000000eeb80000,0x00000000eedfbe90,0x00000000eee00000)
  to   space 2560K, 0% used [0x00000000ee900000,0x00000000ee900000,0x00000000eeb80000)
 ParOldGen       total 59392K, used 27722K [0x00000000c0000000, 0x00000000c3a00000, 0x00000000eab00000)
  object space 59392K, 46% used [0x00000000c0000000,0x00000000c1b128b0,0x00000000c3a00000)
 Metaspace       used 8267K, capacity 8410K, committed 8576K, reserved 1056768K
  class space    used 791K, capacity 821K, committed 896K, reserved 1048576K
Event: 5.828 GC heap after
Heap after GC invocations=10 (full 1):
 PSYoungGen      total 66048K, used 2391K [0x00000000eab00000, 0x00000000f1900000, 0x0000000100000000)
  eden space 63488K, 0% used [0x00000000eab00000,0x00000000eab00000,0x00000000ee900000)
  from space 2560K, 93% used [0x00000000ee900000,0x00000000eeb55ec8,0x00000000eeb80000)
  to   space 14336K, 0% used [0x00000000f0b00000,0x00000000f0b00000,0x00000000f1900000)
 ParOldGen       total 59392K, used 37795K [0x00000000c0000000, 0x00000000c3a00000, 0x00000000eab00000)
  object space 59392K, 63% used [0x00000000c0000000,0x00000000c24e8cc0,0x00000000c3a00000)
 Metaspace       used 8267K, capacity 8410K, committed 8576K, reserved 1056768K
  class space    used 791K, capacity 821K, committed 896K, reserved 1048576K
}
Event: 5.995 GC heap before
{Heap before GC invocations=11 (full 1):
 PSYoungGen      total 66048K, used 65879K [0x00000000eab00000, 0x00000000f1900000, 0x0000000100000000)
  eden space 63488K, 100% used [0x00000000eab00000,0x00000000ee900000,0x00000000ee900000)
  from space 2560K, 93% used [0x00000000ee900000,0x00000000eeb55ec8,0x00000000eeb80000)
  to   space 14336K, 0% used [0x00000000f0b00000,0x00000000f0b00000,0x00000000f1900000)
 ParOldGen       total 59392K, used 37795K [0x00000000c0000000, 0x00000000c3a00000, 0x00000000eab00000)
  object space 59392K, 63% used [0x00000000c0000000,0x00000000c24e8cc0,0x00000000c3a00000)
 Metaspace       used 8273K, capacity 8410K, committed 8576K, reserved 1056768K
  class space    used 791K, capacity 821K, committed 896K, reserved 1048576K
Event: 6.003 GC heap after
Heap after GC invocations=11 (full 1):
 PSYoungGen      total 98304K, used 7797K [0x00000000eab00000, 0x00000000f1a80000, 0x0000000100000000)
  eden space 83968K, 0% used [0x00000000eab00000,0x00000000eab00000,0x00000000efd00000)
  from space 14336K, 54% used [0x00000000f0b00000,0x00000000f129d7f8,0x00000000f1900000)
  to   space 14336K, 0% used [0x00000000efd00000,0x00000000efd00000,0x00000000f0b00000)
 ParOldGen       total 59392K, used 37795K [0x00000000c0000000, 0x00000000c3a00000, 0x00000000eab00000)
  object space 59392K, 63% used [0x00000000c0000000,0x00000000c24e8cc0,0x00000000c3a00000)
 Metaspace       used 8273K, capacity 8410K, committed 8576K, reserved 1056768K
  class space    used 791K, capacity 821K, committed 896K, reserved 1048576K
}
Event: 6.187 GC heap before
{Heap before GC invocations=12 (full 1):
 PSYoungGen      total 98304K, used 91765K [0x00000000eab00000, 0x00000000f1a80000, 0x0000000100000000)
  eden space 83968K, 100% used [0x00000000eab00000,0x00000000efd00000,0x00000000efd00000)
  from space 14336K, 54% used [0x00000000f0b00000,0x00000000f129d7f8,0x00000000f1900000)
  to   space 14336K, 0% used [0x00000000efd00000,0x00000000efd00000,0x00000000f0b00000)
 ParOldGen       total 59392K, used 37795K [0x00000000c0000000, 0x00000000c3a00000, 0x00000000eab00000)
  object space 59392K, 63% used [0x00000000c0000000,0x00000000c24e8cc0,0x00000000c3a00000)
 Metaspace       used 8282K, capacity 8410K, committed 8576K, reserved 1056768K
  class space    used 791K, capacity 821K, committed 896K, reserved 1048576K
Event: 6.196 GC heap after
Heap after GC invocations=12 (full 1):
 PSYoungGen      total 98304K, used 13319K [0x00000000eab00000, 0x00000000f1a80000, 0x0000000100000000)
  eden space 83968K, 0% used [0x00000000eab00000,0x00000000eab00000,0x00000000efd00000)
  from space 14336K, 92% used [0x00000000efd00000,0x00000000f0a01f00,0x00000000f0b00000)
  to   space 14336K, 0% used [0x00000000f0b00000,0x00000000f0b00000,0x00000000f1900000)
 ParOldGen       total 59392K, used 41387K [0x00000000c0000000, 0x00000000c3a00000, 0x00000000eab00000)
  object space 59392K, 69% used [0x00000000c0000000,0x00000000c286aeb0,0x00000000c3a00000)
 Metaspace       used 8282K, capacity 8410K, committed 8576K, reserved 1056768K
  class space    used 791K, capacity 821K, committed 896K, reserved 1048576K
}
Event: 6.365 GC heap before
{Heap before GC invocations=13 (full 1):
 PSYoungGen      total 98304K, used 97287K [0x00000000eab00000, 0x00000000f1a80000, 0x0000000100000000)
  eden space 83968K, 100% used [0x00000000eab00000,0x00000000efd00000,0x00000000efd00000)
  from space 14336K, 92% used [0x00000000efd00000,0x00000000f0a01f00,0x00000000f0b00000)
  to   space 14336K, 0% used [0x00000000f0b00000,0x00000000f0b00000,0x00000000f1900000)
 ParOldGen       total 59392K, used 41387K [0x00000000c0000000, 0x00000000c3a00000, 0x00000000eab00000)
  object space 59392K, 69% used [0x00000000c0000000,0x00000000c286aeb0,0x00000000c3a00000)
 Metaspace       used 8282K, capacity 8410K, committed 8576K, reserved 1056768K
  class space    used 791K, capacity 821K, committed 896K, reserved 1048576K
Event: 6.375 GC heap after
Heap after GC invocations=13 (full 1):
 PSYoungGen      total 98304K, used 13086K [0x00000000eab00000, 0x00000000f1a80000, 0x0000000100000000)
  eden space 83968K, 0% used [0x00000000eab00000,0x00000000eab00000,0x00000000efd00000)
  from space 14336K, 91% used [0x00000000f0b00000,0x00000000f17c7b68,0x00000000f1900000)
  to   space 14336K, 0% used [0x00000000efd00000,0x00000000efd00000,0x00000000f0b00000)
 ParOldGen       total 59392K, used 47119K [0x00000000c0000000, 0x00000000c3a00000, 0x00000000eab00000)
  object space 59392K, 79% used [0x00000000c0000000,0x00000000c2e03d90,0x00000000c3a00000)
 Metaspace       used 8282K, capacity 8410K, committed 8576K, reserved 1056768K
  class space    used 791K, capacity 821K, committed 896K, reserved 1048576K
}

