# JRE version: Java(TM) SE Runtime Environment (8.0_45-b15) (build 1.8.0_45-b15)
# Java VM: Java HotSpot(TM) 64-Bit Server VM (25.45-b02 mixed mode windows-amd64 compressed oops)
Heap:
 PSYoungGen      total 216576K, used 149143K [0x00000000eab00000, 0x00000000f8e00000, 0x0000000100000000)
  eden space 200704K, 74% used [0x00000000eab00000,0x00000000f3ca5ff0,0x00000000f6f00000)
  from space 15872K, 0% used [0x00000000f6f00000,0x00000000f6f00000,0x00000000f7e80000)
  to   space 15872K, 0% used [0x00000000f7e80000,0x00000000f7e80000,0x00000000f8e00000)
 ParOldGen       total 65024K, used 30306K [0x00000000c0000000, 0x00000000c3f80000, 0x00000000eab00000)
  object space 65024K, 46% used [0x00000000c0000000,0x00000000c1d98a50,0x00000000c3f80000)
 Metaspace       used 8330K, capacity 8474K, committed 8576K, reserved 1056768K
  class space    used 791K, capacity 821K, committed 896K, reserved 1048576K
GC Heap History (10 events):
Event: 11.218 GC heap before
{Heap before GC invocations=8 (full 0):
 PSYoungGen      total 140800K, used 137638K [0x00000000eab00000, 0x00000000f4500000, 0x0000000100000000)
  eden space 125440K, 100% used [0x00000000eab00000,0x00000000f2580000,0x00000000f2580000)
  from space 15360K, 79% used [0x00000000f2580000,0x00000000f3169948,0x00000000f3480000)
  to   space 13824K, 0% used [0x00000000f3480000,0x00000000f3480000,0x00000000f4200000)
 ParOldGen       total 42496K, used 24544K [0x00000000c0000000, 0x00000000c2980000, 0x00000000eab00000)
  object space 42496K, 57% used [0x00000000c0000000,0x00000000c17f8050,0x00000000c2980000)
 Metaspace       used 8310K, capacity 8474K, committed 8576K, reserved 1056768K
  class space    used 791K, capacity 821K, committed 896K, reserved 1048576K
Event: 11.232 GC heap after
Heap after GC invocations=8 (full 0):
 PSYoungGen      total 139264K, used 11274K [0x00000000eab00000, 0x00000000f4500000, 0x0000000100000000)
  eden space 125440K, 0% used [0x00000000eab00000,0x00000000eab00000,0x00000000f2580000)
  from space 13824K, 81% used [0x00000000f3480000,0x00000000f3f82978,0x00000000f4200000)
  to   space 15360K, 0% used [0x00000000f2580000,0x00000000f2580000,0x00000000f3480000)
 ParOldGen       total 42496K, used 29016K [0x00000000c0000000, 0x00000000c2980000, 0x00000000eab00000)
  object space 42496K, 68% used [0x00000000c0000000,0x00000000c1c56080,0x00000000c2980000)
 Metaspace       used 8310K, capacity 8474K, committed 8576K, reserved 1056768K
  class space    used 791K, capacity 821K, committed 896K, reserved 1048576K
}
Event: 11.846 GC heap before
{Heap before GC invocations=9 (full 0):
 PSYoungGen      total 139264K, used 136714K [0x00000000eab00000, 0x00000000f4500000, 0x0000000100000000)
  eden space 125440K, 100% used [0x00000000eab00000,0x00000000f2580000,0x00000000f2580000)
  from space 13824K, 81% used [0x00000000f3480000,0x00000000f3f82978,0x00000000f4200000)
  to   space 15360K, 0% used [0x00000000f2580000,0x00000000f2580000,0x00000000f3480000)
 ParOldGen       total 42496K, used 29016K [0x00000000c0000000, 0x00000000c2980000, 0x00000000eab00000)
  object space 42496K, 68% used [0x00000000c0000000,0x00000000c1c56080,0x00000000c2980000)
 Metaspace       used 8318K, capacity 8474K, committed 8576K, reserved 1056768K
  class space    used 791K, capacity 821K, committed 896K, reserved 1048576K
Event: 11.852 GC heap after
Heap after GC invocations=9 (full 0):
 PSYoungGen      total 140800K, used 8938K [0x00000000eab00000, 0x00000000f8e00000, 0x0000000100000000)
  eden space 125440K, 0% used [0x00000000eab00000,0x00000000eab00000,0x00000000f2580000)
  from space 15360K, 58% used [0x00000000f2580000,0x00000000f2e3a9f0,0x00000000f3480000)
  to   space 15872K, 0% used [0x00000000f7e80000,0x00000000f7e80000,0x00000000f8e00000)
 ParOldGen       total 42496K, used 30183K [0x00000000c0000000, 0x00000000c2980000, 0x00000000eab00000)
  object space 42496K, 71% used [0x00000000c0000000,0x00000000c1d79dd0,0x00000000c2980000)
 Metaspace       used 8318K, capacity 8474K, committed 8576K, reserved 1056768K
  class space    used 791K, capacity 821K, committed 896K, reserved 1048576K
}
Event: 12.399 GC heap before
{Heap before GC invocations=10 (full 0):
 PSYoungGen      total 140800K, used 134261K [0x00000000eab00000, 0x00000000f8e00000, 0x0000000100000000)
  eden space 125440K, 99% used [0x00000000eab00000,0x00000000f2562b88,0x00000000f2580000)
  from space 15360K, 58% used [0x00000000f2580000,0x00000000f2e3a9f0,0x00000000f3480000)
  to   space 15872K, 0% used [0x00000000f7e80000,0x00000000f7e80000,0x00000000f8e00000)
 ParOldGen       total 42496K, used 30183K [0x00000000c0000000, 0x00000000c2980000, 0x00000000eab00000)
  object space 42496K, 71% used [0x00000000c0000000,0x00000000c1d79dd0,0x00000000c2980000)
 Metaspace       used 8320K, capacity 8474K, committed 8576K, reserved 1056768K
  class space    used 791K, capacity 821K, committed 896K, reserved 1048576K
Event: 12.407 GC heap after
Heap after GC invocations=10 (full 0):
 PSYoungGen      total 216576K, used 10534K [0x00000000eab00000, 0x00000000f8e00000, 0x0000000100000000)
  eden space 200704K, 0% used [0x00000000eab00000,0x00000000eab00000,0x00000000f6f00000)
  from space 15872K, 66% used [0x00000000f7e80000,0x00000000f88c9980,0x00000000f8e00000)
  to   space 15872K, 0% used [0x00000000f6f00000,0x00000000f6f00000,0x00000000f7e80000)
 ParOldGen       total 42496K, used 30183K [0x00000000c0000000, 0x00000000c2980000, 0x00000000eab00000)
  object space 42496K, 71% used [0x00000000c0000000,0x00000000c1d79dd0,0x00000000c2980000)
 Metaspace       used 8320K, capacity 8474K, committed 8576K, reserved 1056768K
  class space    used 791K, capacity 821K, committed 896K, reserved 1048576K
}
Event: 13.420 GC heap before
{Heap before GC invocations=11 (full 0):
 PSYoungGen      total 216576K, used 211238K [0x00000000eab00000, 0x00000000f8e00000, 0x0000000100000000)
  eden space 200704K, 100% used [0x00000000eab00000,0x00000000f6f00000,0x00000000f6f00000)
  from space 15872K, 66% used [0x00000000f7e80000,0x00000000f88c9980,0x00000000f8e00000)
  to   space 15872K, 0% used [0x00000000f6f00000,0x00000000f6f00000,0x00000000f7e80000)
 ParOldGen       total 42496K, used 30183K [0x00000000c0000000, 0x00000000c2980000, 0x00000000eab00000)
  object space 42496K, 71% used [0x00000000c0000000,0x00000000c1d79dd0,0x00000000c2980000)
 Metaspace       used 8325K, capacity 8474K, committed 8576K, reserved 1056768K
  class space    used 791K, capacity 821K, committed 896K, reserved 1048576K
Event: 13.432 GC heap after
Heap after GC invocations=11 (full 0):
 PSYoungGen      total 216576K, used 12389K [0x00000000eab00000, 0x00000000f8e00000, 0x0000000100000000)
  eden space 200704K, 0% used [0x00000000eab00000,0x00000000eab00000,0x00000000f6f00000)
  from space 15872K, 78% used [0x00000000f6f00000,0x00000000f7b197b8,0x00000000f7e80000)
  to   space 15872K, 0% used [0x00000000f7e80000,0x00000000f7e80000,0x00000000f8e00000)
 ParOldGen       total 42496K, used 41557K [0x00000000c0000000, 0x00000000c2980000, 0x00000000eab00000)
  object space 42496K, 97% used [0x00000000c0000000,0x00000000c28955b0,0x00000000c2980000)
 Metaspace       used 8325K, capacity 8474K, committed 8576K, reserved 1056768K
  class space    used 791K, capacity 821K, committed 896K, reserved 1048576K
}
Event: 13.432 GC heap before
{Heap before GC invocations=12 (full 1):
 PSYoungGen      total 216576K, used 12389K [0x00000000eab00000, 0x00000000f8e00000, 0x0000000100000000)
  eden space 200704K, 0% used [0x00000000eab00000,0x00000000eab00000,0x00000000f6f00000)
  from space 15872K, 78% used [0x00000000f6f00000,0x00000000f7b197b8,0x00000000f7e80000)
  to   space 15872K, 0% used [0x00000000f7e80000,0x00000000f7e80000,0x00000000f8e00000)
 ParOldGen       total 42496K, used 41557K [0x00000000c0000000, 0x00000000c2980000, 0x00000000eab00000)
  object space 42496K, 97% used [0x00000000c0000000,0x00000000c28955b0,0x00000000c2980000)
 Metaspace       used 8325K, capacity 8474K, committed 8576K, reserved 1056768K
  class space    used 791K, capacity 821K, committed 896K, reserved 1048576K
Event: 13.564 GC heap after
Heap after GC invocations=12 (full 1):
 PSYoungGen      total 216576K, used 0K [0x00000000eab00000, 0x00000000f8e00000, 0x0000000100000000)
  eden space 200704K, 0% used [0x00000000eab00000,0x00000000eab00000,0x00000000f6f00000)
  from space 15872K, 0% used [0x00000000f6f00000,0x00000000f6f00000,0x00000000f7e80000)
  to   space 15872K, 0% used [0x00000000f7e80000,0x00000000f7e80000,0x00000000f8e00000)
 ParOldGen       total 65024K, used 30306K [0x00000000c0000000, 0x00000000c3f80000, 0x00000000eab00000)
  object space 65024K, 46% used [0x00000000c0000000,0x00000000c1d98a50,0x00000000c3f80000)
 Metaspace       used 8325K, capacity 8474K, committed 8576K, reserved 1056768K
  class space    used 791K, capacity 821K, committed 896K, reserved 1048576K
}

